<?xml version="1.0" encoding="UTF-8"?>
<!-- Generated by org.testng.reporters.JUnitReportReporter -->
<testsuite hostname="REM-LT-230201A" failures="0" tests="2" name="tests.StandAloneTest" time="22.729" errors="0" timestamp="2023-04-18T18:40:16 CST" skipped="0">
  <testcase classname="tests.StandAloneTest" name="SubmitOrder" time="10.643"/>
  <system-out/>
  <testcase classname="tests.StandAloneTest" name="SubmitOrder" time="12.086"/>
  <system-out/>
</testsuite> <!-- tests.StandAloneTest -->
