<?xml version="1.0" encoding="UTF-8"?>
<!-- Generated by org.testng.reporters.JUnitReportReporter -->
<testsuite hostname="REM-LT-230201A" failures="0" tests="1" name="extentReports.ExtentReports" time="9.753" errors="0" timestamp="2023-04-19T09:34:45 CST" skipped="0">
  <testcase classname="extentReports.ExtentReports" name="initialDemo" time="9.753"/>
  <system-out/>
</testsuite> <!-- extentReports.ExtentReports -->
