<?xml version="1.0" encoding="UTF-8"?>
<!-- Generated by org.testng.reporters.JUnitReportReporter -->
<testsuite hostname="REM-LT-230201A" failures="0" tests="1" name="tests.ErrorValidationsTest" time="11.199" errors="0" timestamp="2023-04-18T14:33:40 CST" skipped="0">
  <testcase classname="tests.ErrorValidationsTest" name="LoginErrorValidation" time="11.199"/>
  <system-out/>
</testsuite> <!-- tests.ErrorValidationsTest -->
