<?xml version="1.0" encoding="UTF-8"?>
<!-- Generated by org.testng.reporters.JUnitReportReporter -->
<testsuite hostname="REM-LT-230201A" failures="0" tests="2" name="tests.ErrorValidationsTest" time="23.286" errors="0" timestamp="2023-04-20T12:52:36 CST" skipped="0">
  <testcase classname="tests.ErrorValidationsTest" name="LoginErrorValidation" time="9.397"/>
  <system-out/>
  <testcase classname="tests.ErrorValidationsTest" name="ProductErrorValidation" time="13.889"/>
  <system-out/>
</testsuite> <!-- tests.ErrorValidationsTest -->
